[debug] [2022-02-27T18:11:22.558Z] ----------------------------------------------------------------------
[debug] [2022-02-27T18:11:22.559Z] Command:       C:\Program Files\nodejs\node.exe C:\Users\91904\AppData\Roaming\npm\node_modules\firebase-tools\lib\bin\firebase.js emulators:start
[debug] [2022-02-27T18:11:22.559Z] CLI Version:   10.2.1
[debug] [2022-02-27T18:11:22.560Z] Platform:      win32
[debug] [2022-02-27T18:11:22.560Z] Node Version:  v14.17.0
[debug] [2022-02-27T18:11:22.560Z] Time:          Sun Feb 27 2022 23:41:22 GMT+0530 (India Standard Time)
[debug] [2022-02-27T18:11:22.561Z] ----------------------------------------------------------------------
[debug] 
[debug] [2022-02-27T18:11:22.563Z] >>> [apiv2][query] GET https://firebase-public.firebaseio.com/cli.json [none]
[debug] [2022-02-27T18:11:22.635Z] > command requires scopes: ["email","openid","https://www.googleapis.com/auth/cloudplatformprojects.readonly","https://www.googleapis.com/auth/firebase","https://www.googleapis.com/auth/cloud-platform"]
[debug] [2022-02-27T18:11:22.635Z] > authorizing via signed-in user (deepyadav292002@gmail.com)
[info] i  emulators: Starting emulators: functions, hosting {"metadata":{"emulator":{"name":"hub"},"message":"Starting emulators: functions, hosting"}}
[debug] [2022-02-27T18:11:22.661Z] [hub] writing locator at C:\Users\91904\AppData\Local\Temp\hub-clone-d34b8.json
[warn] !  functions: The following emulators are not running, calls to these services from the Functions emulator will affect production: auth, firestore, database, pubsub, storage {"metadata":{"emulator":{"name":"functions"},"message":"The following emulators are not running, calls to these services from the Functions emulator will affect production: \u001b[1mauth, firestore, database, pubsub, storage\u001b[22m"}}
[warn] !  Your requested "node" version "16" doesn't match your global version "14". Using node@14 from host. {"metadata":{"emulator":{"name":"functions"},"message":"Your requested \"node\" version \"16\" doesn't match your global version \"14\". Using node@14 from host."}}
[debug] [2022-02-27T18:11:22.745Z] defaultcredentials: writing to file C:\Users\91904\AppData\Roaming\firebase\deepyadav292002_gmail_com_application_default_credentials.json
[debug] [2022-02-27T18:11:22.746Z] Setting GAC to C:\Users\91904\AppData\Roaming\firebase\deepyadav292002_gmail_com_application_default_credentials.json {"metadata":{"emulator":{"name":"functions"},"message":"Setting GAC to C:\\Users\\91904\\AppData\\Roaming\\firebase\\deepyadav292002_gmail_com_application_default_credentials.json"}}
[debug] [2022-02-27T18:11:22.747Z] > refreshing access token with scopes: []
[debug] [2022-02-27T18:11:22.747Z] >>> HTTP REQUEST POST https://www.googleapis.com/oauth2/v3/token  
 <request body omitted>
[debug] [2022-02-27T18:11:23.893Z] <<< HTTP RESPONSE 200 {"cache-control":"no-cache, no-store, max-age=0, must-revalidate","pragma":"no-cache","date":"Sun, 27 Feb 2022 18:11:20 GMT","expires":"Mon, 01 Jan 1990 00:00:00 GMT","content-type":"application/json; charset=utf-8","vary":"X-Origin, Referer, Origin,Accept-Encoding","server":"scaffolding on HTTPServer2","x-xss-protection":"0","x-frame-options":"SAMEORIGIN","x-content-type-options":"nosniff","alt-svc":"h3=\":443\"; ma=2592000,h3-29=\":443\"; ma=2592000,h3-Q050=\":443\"; ma=2592000,h3-Q046=\":443\"; ma=2592000,h3-Q043=\":443\"; ma=2592000,quic=\":443\"; ma=2592000; v=\"46,43\"","accept-ranges":"none","transfer-encoding":"chunked"}
[debug] [2022-02-27T18:11:23.904Z] >>> [apiv2][query] GET https://firebase.googleapis.com/v1beta1/projects/clone-d34b8/adminSdkConfig [none]
[debug] [2022-02-27T18:11:24.845Z] <<< [apiv2][status] GET https://firebase-public.firebaseio.com/cli.json 200
[debug] [2022-02-27T18:11:24.845Z] <<< [apiv2][body] GET https://firebase-public.firebaseio.com/cli.json {"cloudBuildErrorAfter":1594252800000,"cloudBuildWarnAfter":1590019200000,"defaultNode10After":1594252800000,"minVersion":"3.0.5","node8DeploysDisabledAfter":1613390400000,"node8RuntimeDisabledAfter":1615809600000,"node8WarnAfter":1600128000000}
[debug] [2022-02-27T18:11:25.406Z] <<< [apiv2][status] GET https://firebase.googleapis.com/v1beta1/projects/clone-d34b8/adminSdkConfig 200
[debug] [2022-02-27T18:11:25.407Z] <<< [apiv2][body] GET https://firebase.googleapis.com/v1beta1/projects/clone-d34b8/adminSdkConfig {"projectId":"clone-d34b8","storageBucket":"clone-d34b8.appspot.com"}
[debug] [2022-02-27T18:11:25.418Z] >>> [apiv2][query] GET https://firebasehosting.googleapis.com/v1beta1/projects/clone-d34b8/sites 
[debug] [2022-02-27T18:11:27.720Z] <<< [apiv2][status] GET https://firebasehosting.googleapis.com/v1beta1/projects/clone-d34b8/sites 200
[debug] [2022-02-27T18:11:27.720Z] <<< [apiv2][body] GET https://firebasehosting.googleapis.com/v1beta1/projects/clone-d34b8/sites {"sites":[{"name":"projects/21043016802/sites/clone-d34b8","defaultUrl":"https://clone-d34b8.web.app","appId":"1:21043016802:web:c0aa363f58b66eef570d3b","type":"DEFAULT_SITE"}]}
[debug] [2022-02-27T18:11:27.721Z] >>> [apiv2][query] GET https://firebase.googleapis.com/v1beta1/projects/clone-d34b8/webApps/1:21043016802:web:c0aa363f58b66eef570d3b/config [none]
[debug] [2022-02-27T18:11:29.764Z] <<< [apiv2][status] GET https://firebase.googleapis.com/v1beta1/projects/clone-d34b8/webApps/1:21043016802:web:c0aa363f58b66eef570d3b/config 200
[debug] [2022-02-27T18:11:29.764Z] <<< [apiv2][body] GET https://firebase.googleapis.com/v1beta1/projects/clone-d34b8/webApps/1:21043016802:web:c0aa363f58b66eef570d3b/config {"projectId":"clone-d34b8","appId":"1:21043016802:web:c0aa363f58b66eef570d3b","storageBucket":"clone-d34b8.appspot.com","apiKey":"AIzaSyDmhvN-d6gDEf0iBq01tpJURB2EZ5WaBIk","authDomain":"clone-d34b8.firebaseapp.com","messagingSenderId":"21043016802","measurementId":"G-77WXF0HYHY"}
[info] i  hosting: Serving hosting files from: build {"metadata":{"emulator":{"name":"hosting"},"message":"Serving hosting files from: \u001b[1mbuild\u001b[22m"}}
[info] +  hosting: Local server: http://localhost:5000 {"metadata":{"emulator":{"name":"hosting"},"message":"Local server: \u001b[4m\u001b[1mhttp://localhost:5000\u001b[22m\u001b[24m"}}
[debug] [2022-02-27T18:11:29.804Z] Ignoring unsupported arg: auto_download {"metadata":{"emulator":{"name":"ui"},"message":"Ignoring unsupported arg: auto_download"}}
[debug] [2022-02-27T18:11:29.805Z] Ignoring unsupported arg: port {"metadata":{"emulator":{"name":"ui"},"message":"Ignoring unsupported arg: port"}}
[debug] [2022-02-27T18:11:29.806Z] Starting Emulator UI with command {"binary":"node","args":["C:\\Users\\91904\\.cache\\firebase\\emulators\\ui-v1.6.5\\server.bundle.js"],"optionalArgs":[],"joinArgs":false} {"metadata":{"emulator":{"name":"ui"},"message":"Starting Emulator UI with command {\"binary\":\"node\",\"args\":[\"C:\\\\Users\\\\91904\\\\.cache\\\\firebase\\\\emulators\\\\ui-v1.6.5\\\\server.bundle.js\"],\"optionalArgs\":[],\"joinArgs\":false}"}}
[info] i  ui: Emulator UI logging to ui-debug.log {"metadata":{"emulator":{"name":"ui"},"message":"Emulator UI logging to \u001b[1mui-debug.log\u001b[22m"}}
[debug] [2022-02-27T18:11:29.979Z] Web / API server started at localhost:4000
 {"metadata":{"emulator":{"name":"ui"},"message":"Web / API server started at localhost:4000\n"}}
[info] i  functions: Watching "C:\myFiles\Amazon-clone\amazon-clone\functions" for Cloud Functions... {"metadata":{"emulator":{"name":"functions"},"message":"Watching \"C:\\myFiles\\Amazon-clone\\amazon-clone\\functions\" for Cloud Functions..."}}
[debug] [2022-02-27T18:11:30.091Z] Validating nodejs source
[debug] [2022-02-27T18:11:33.153Z] > [functions] package.json contents: {
  "name": "functions",
  "description": "Cloud Functions for Firebase",
  "scripts": {
    "lint": "eslint .",
    "serve": "firebase emulators:start --only functions",
    "shell": "firebase functions:shell",
    "start": "npm run shell",
    "deploy": "firebase deploy --only functions",
    "logs": "firebase functions:log"
  },
  "engines": {
    "node": "16"
  },
  "main": "index.js",
  "dependencies": {
    "cors": "^2.8.5",
    "express": "^4.17.3",
    "firebase-admin": "^9.8.0",
    "firebase-functions": "^3.14.1",
    "stripe": "^8.205.0"
  },
  "devDependencies": {
    "eslint": "^7.6.0",
    "eslint-config-google": "^0.14.0",
    "firebase-functions-test": "^0.2.0"
  },
  "private": true
}
[debug] [2022-02-27T18:11:33.153Z] Building nodejs source
[debug] [2022-02-27T18:11:33.153Z] Analyzing nodejs backend spec
[info] +  functions[us-central1-api]: http function initialized (http://localhost:5001/clone-d34b8/us-central1/api). {"metadata":{"emulator":{"name":"functions"},"message":"\u001b[1mhttp\u001b[22m function initialized (http://localhost:5001/clone-d34b8/us-central1/api)."}}
[info] 
┌─────────────────────────────────────────────────────────────┐
│ ✔  All emulators ready! It is now safe to connect your app. │
│ i  View Emulator UI at http://localhost:4000                │
└─────────────────────────────────────────────────────────────┘

┌───────────┬────────────────┬─────────────────────────────────┐
│ Emulator  │ Host:Port      │ View in Emulator UI             │
├───────────┼────────────────┼─────────────────────────────────┤
│ Functions │ localhost:5001 │ http://localhost:4000/functions │
├───────────┼────────────────┼─────────────────────────────────┤
│ Hosting   │ localhost:5000 │ n/a                             │
└───────────┴────────────────┴─────────────────────────────────┘
  Emulator Hub running at localhost:4400
  Other reserved ports: 4500

Issues? Report them at https://github.com/firebase/firebase-tools/issues and attach the *-debug.log files.
 
[debug] [2022-02-27T18:11:50.062Z] [work-queue] {"queueLength":1,"workRunningCount":0}
[debug] [2022-02-27T18:11:50.062Z] [work-queue] {"queueLength":0,"workRunningCount":1}
[debug] [2022-02-27T18:11:50.063Z] Accepted request GET /clone-d34b8/us-central1/api --> us-central1-api
[debug] [2022-02-27T18:11:50.075Z] [worker-pool] addWorker(us-central1-api) {"metadata":{"emulator":{"name":"functions"},"message":"[worker-pool] addWorker(us-central1-api)"}}
[debug] [2022-02-27T18:11:50.075Z] [worker-pool] Adding worker with key us-central1-api, total=1 {"metadata":{"emulator":{"name":"functions"},"message":"[worker-pool] Adding worker with key us-central1-api, total=1"}}
[debug] [2022-02-27T18:11:50.075Z] [worker-pool] submitWork(triggerId=us-central1-api) {"metadata":{"emulator":{"name":"functions"},"message":"[worker-pool] submitWork(triggerId=us-central1-api)"}}
[debug] [2022-02-27T18:11:50.076Z] [worker-us-central1-api-da5a866c-1544-4909-8b3a-a80fb223b711]: Assigning socketPath: \\?\pipe\C:\myFiles\Amazon-clone\amazon-clone\functions\20564 {"metadata":{"emulator":{"name":"functions"},"message":"[worker-us-central1-api-da5a866c-1544-4909-8b3a-a80fb223b711]: Assigning socketPath: \\\\?\\pipe\\C:\\myFiles\\Amazon-clone\\amazon-clone\\functions\\20564"}}
[debug] [2022-02-27T18:11:50.076Z] [worker-us-central1-api-da5a866c-1544-4909-8b3a-a80fb223b711]: BUSY {"metadata":{"emulator":{"name":"functions"},"message":"[worker-us-central1-api-da5a866c-1544-4909-8b3a-a80fb223b711]: BUSY"}}
[debug] [2022-02-27T18:11:51.336Z] [runtime-status] [20564] Functions runtime initialized. {"cwd":"C:\\myFiles\\Amazon-clone\\amazon-clone\\functions","node_version":"14.17.0"} {"metadata":{"emulator":{"name":"functions"},"function":{"name":"us-central1-api"},"message":"[runtime-status] [20564] Functions runtime initialized. {\"cwd\":\"C:\\\\myFiles\\\\Amazon-clone\\\\amazon-clone\\\\functions\",\"node_version\":\"14.17.0\"}"}}
[debug] [2022-02-27T18:11:51.339Z] [runtime-status] [20564] Disabled runtime features: undefined {"metadata":{"emulator":{"name":"functions"},"function":{"name":"us-central1-api"},"message":"[runtime-status] [20564] Disabled runtime features: undefined"}}
[debug] [2022-02-27T18:11:51.342Z] [runtime-status] [20564] Resolved module firebase-admin {"declared":true,"installed":true,"version":"9.12.0","resolution":"C:\\myFiles\\Amazon-clone\\amazon-clone\\functions\\node_modules\\firebase-admin\\lib\\index.js"} {"metadata":{"emulator":{"name":"functions"},"function":{"name":"us-central1-api"},"message":"[runtime-status] [20564] Resolved module firebase-admin {\"declared\":true,\"installed\":true,\"version\":\"9.12.0\",\"resolution\":\"C:\\\\myFiles\\\\Amazon-clone\\\\amazon-clone\\\\functions\\\\node_modules\\\\firebase-admin\\\\lib\\\\index.js\"}"}}
[debug] [2022-02-27T18:11:51.346Z] [runtime-status] [20564] Resolved module firebase-functions {"declared":true,"installed":true,"version":"3.18.1","resolution":"C:\\myFiles\\Amazon-clone\\amazon-clone\\functions\\node_modules\\firebase-functions\\lib\\index.js"} {"metadata":{"emulator":{"name":"functions"},"function":{"name":"us-central1-api"},"message":"[runtime-status] [20564] Resolved module firebase-functions {\"declared\":true,\"installed\":true,\"version\":\"3.18.1\",\"resolution\":\"C:\\\\myFiles\\\\Amazon-clone\\\\amazon-clone\\\\functions\\\\node_modules\\\\firebase-functions\\\\lib\\\\index.js\"}"}}
[debug] [2022-02-27T18:11:51.349Z] [runtime-status] [20564] Outgoing network have been stubbed. [{"name":"http","status":"mocked"},{"name":"http","status":"mocked"},{"name":"https","status":"mocked"},{"name":"https","status":"mocked"},{"name":"net","status":"mocked"}] {"metadata":{"emulator":{"name":"functions"},"function":{"name":"us-central1-api"},"message":"[runtime-status] [20564] Outgoing network have been stubbed. [{\"name\":\"http\",\"status\":\"mocked\"},{\"name\":\"http\",\"status\":\"mocked\"},{\"name\":\"https\",\"status\":\"mocked\"},{\"name\":\"https\",\"status\":\"mocked\"},{\"name\":\"net\",\"status\":\"mocked\"}]"}}
[debug] [2022-02-27T18:11:51.351Z] [runtime-status] [20564] Resolved module firebase-functions {"declared":true,"installed":true,"version":"3.18.1","resolution":"C:\\myFiles\\Amazon-clone\\amazon-clone\\functions\\node_modules\\firebase-functions\\lib\\index.js"} {"metadata":{"emulator":{"name":"functions"},"function":{"name":"us-central1-api"},"message":"[runtime-status] [20564] Resolved module firebase-functions {\"declared\":true,\"installed\":true,\"version\":\"3.18.1\",\"resolution\":\"C:\\\\myFiles\\\\Amazon-clone\\\\amazon-clone\\\\functions\\\\node_modules\\\\firebase-functions\\\\lib\\\\index.js\"}"}}
[debug] [2022-02-27T18:11:51.408Z] [runtime-status] [20564] Checked functions.config() {"config":{}} {"metadata":{"emulator":{"name":"functions"},"function":{"name":"us-central1-api"},"message":"[runtime-status] [20564] Checked functions.config() {\"config\":{}}"}}
[debug] [2022-02-27T18:11:51.409Z] [runtime-status] [20564] firebase-functions has been stubbed. {"functionsResolution":{"declared":true,"installed":true,"version":"3.18.1","resolution":"C:\\myFiles\\Amazon-clone\\amazon-clone\\functions\\node_modules\\firebase-functions\\lib\\index.js"}} {"metadata":{"emulator":{"name":"functions"},"function":{"name":"us-central1-api"},"message":"[runtime-status] [20564] firebase-functions has been stubbed. {\"functionsResolution\":{\"declared\":true,\"installed\":true,\"version\":\"3.18.1\",\"resolution\":\"C:\\\\myFiles\\\\Amazon-clone\\\\amazon-clone\\\\functions\\\\node_modules\\\\firebase-functions\\\\lib\\\\index.js\"}}"}}
[debug] [2022-02-27T18:11:51.412Z] [runtime-status] [20564] Resolved module firebase-functions {"declared":true,"installed":true,"version":"3.18.1","resolution":"C:\\myFiles\\Amazon-clone\\amazon-clone\\functions\\node_modules\\firebase-functions\\lib\\index.js"} {"metadata":{"emulator":{"name":"functions"},"function":{"name":"us-central1-api"},"message":"[runtime-status] [20564] Resolved module firebase-functions {\"declared\":true,\"installed\":true,\"version\":\"3.18.1\",\"resolution\":\"C:\\\\myFiles\\\\Amazon-clone\\\\amazon-clone\\\\functions\\\\node_modules\\\\firebase-functions\\\\lib\\\\index.js\"}"}}
[debug] [2022-02-27T18:11:51.414Z] [runtime-status] [20564] Resolved module firebase-admin {"declared":true,"installed":true,"version":"9.12.0","resolution":"C:\\myFiles\\Amazon-clone\\amazon-clone\\functions\\node_modules\\firebase-admin\\lib\\index.js"} {"metadata":{"emulator":{"name":"functions"},"function":{"name":"us-central1-api"},"message":"[runtime-status] [20564] Resolved module firebase-admin {\"declared\":true,\"installed\":true,\"version\":\"9.12.0\",\"resolution\":\"C:\\\\myFiles\\\\Amazon-clone\\\\amazon-clone\\\\functions\\\\node_modules\\\\firebase-admin\\\\lib\\\\index.js\"}"}}
[debug] [2022-02-27T18:11:51.414Z] [runtime-status] [20564] Resolved module firebase-functions {"declared":true,"installed":true,"version":"3.18.1","resolution":"C:\\myFiles\\Amazon-clone\\amazon-clone\\functions\\node_modules\\firebase-functions\\lib\\index.js"} {"metadata":{"emulator":{"name":"functions"},"function":{"name":"us-central1-api"},"message":"[runtime-status] [20564] Resolved module firebase-functions {\"declared\":true,\"installed\":true,\"version\":\"3.18.1\",\"resolution\":\"C:\\\\myFiles\\\\Amazon-clone\\\\amazon-clone\\\\functions\\\\node_modules\\\\firebase-functions\\\\lib\\\\index.js\"}"}}
[debug] [2022-02-27T18:11:51.415Z] [runtime-status] [20564] firebase-admin has been stubbed. {"adminResolution":{"declared":true,"installed":true,"version":"9.12.0","resolution":"C:\\myFiles\\Amazon-clone\\amazon-clone\\functions\\node_modules\\firebase-admin\\lib\\index.js"}} {"metadata":{"emulator":{"name":"functions"},"function":{"name":"us-central1-api"},"message":"[runtime-status] [20564] firebase-admin has been stubbed. {\"adminResolution\":{\"declared\":true,\"installed\":true,\"version\":\"9.12.0\",\"resolution\":\"C:\\\\myFiles\\\\Amazon-clone\\\\amazon-clone\\\\functions\\\\node_modules\\\\firebase-admin\\\\lib\\\\index.js\"}}"}}
[debug] [2022-02-27T18:11:51.590Z] [runtime-status] [20564] Beginning invocation function api! {"metadata":{"emulator":{"name":"functions"},"function":{"name":"us-central1-api"},"message":"[runtime-status] [20564] Beginning invocation function api!"}}
[info] i  functions: Beginning execution of "api" {"metadata":{"emulator":{"name":"functions"},"function":{"name":"us-central1-api"},"message":"Beginning execution of \"api\""}}
[debug] [2022-02-27T18:11:51.591Z] [runtime-status] [20564] Running api in signature http {"metadata":{"emulator":{"name":"functions"},"function":{"name":"us-central1-api"},"message":"[runtime-status] [20564] Running api in signature http"}}
[debug] [2022-02-27T18:11:51.594Z] [runtime-status] [20564] Attempting to listen to socketPath: \\?\pipe\C:\myFiles\Amazon-clone\amazon-clone\functions\20564 {"metadata":{"emulator":{"name":"functions"},"function":{"name":"us-central1-api"},"message":"[runtime-status] [20564] Attempting to listen to socketPath: \\\\?\\pipe\\C:\\myFiles\\Amazon-clone\\amazon-clone\\functions\\20564"}}
[debug] [2022-02-27T18:11:51.599Z] [functions] Runtime ready! Sending request! {"metadata":{"emulator":{"name":"functions"},"message":"[functions] Runtime ready! Sending request!"}}
[debug] [2022-02-27T18:11:51.599Z] [functions] Got req.url=/clone-d34b8/us-central1/api, mapping to path=/ {"metadata":{"emulator":{"name":"functions"},"message":"[functions] Got req.url=/clone-d34b8/us-central1/api, mapping to path=/"}}
[debug] [2022-02-27T18:11:51.603Z] [runtime-status] [20564] Ephemeral server handling GET request {"metadata":{"emulator":{"name":"functions"},"function":{"name":"us-central1-api"},"message":"[runtime-status] [20564] Ephemeral server handling GET request"}}
[debug] [2022-02-27T18:11:51.612Z] [runtime-status] [20564] Ephemeral server survived. {"metadata":{"emulator":{"name":"functions"},"function":{"name":"us-central1-api"},"message":"[runtime-status] [20564] Ephemeral server survived."}}
[info] i  functions: Finished "api" in ~1s {"metadata":{"emulator":{"name":"functions"},"function":{"name":"us-central1-api"},"message":"Finished \"api\" in ~1s"}}
[debug] [2022-02-27T18:11:51.614Z] [worker-us-central1-api-da5a866c-1544-4909-8b3a-a80fb223b711]: IDLE {"metadata":{"emulator":{"name":"functions"},"message":"[worker-us-central1-api-da5a866c-1544-4909-8b3a-a80fb223b711]: IDLE"}}
[debug] [2022-02-27T18:11:51.615Z] [work-queue] {"queueLength":0,"workRunningCount":0}
[debug] [2022-02-27T18:11:51.736Z] Functions emulator received unknown request at path /favicon.ico
